<?xml version="1.0" encoding="UTF-8"?>
<!-- Generated by org.testng.reporters.JUnitReportReporter -->
<testsuite hostname="NGG557" failures="0" tests="1" name="org.example.mobile.LoginTest" time="0.019" errors="0" timestamp="2022-03-12T20:36:13 CET" skipped="0">
  <testcase classname="org.example.mobile.LoginTest" name="testneki" time="0.019"/>
  <system-out/>
</testsuite> <!-- org.example.mobile.LoginTest -->
