<?xml version="1.0" encoding="UTF-8"?>
<testsuite xmlns:xsi="http://www.w3.org/2001/XMLSchema-instance" xsi:noNamespaceSchemaLocation="https://maven.apache.org/surefire/maven-surefire-plugin/xsd/surefire-test-report.xsd" name="TestSuite" time="1.147" tests="0" errors="0" skipped="0" failures="0">
  <properties>
    <property name="java.specification.version" value="17"/>
    <property name="sun.jnu.encoding" value="UTF-8"/>
    <property name="java.class.path" value="/Users/a.vukovic/IdeaProjects/UIMobileAutomationFramework/target/test-classes:/Users/a.vukovic/IdeaProjects/UIMobileAutomationFramework/target/classes:/Users/a.vukovic/.m2/repository/io/appium/java-client/7.6.0/java-client-7.6.0.jar:/Users/a.vukovic/.m2/repository/org/seleniumhq/selenium/selenium-java/3.141.59/selenium-java-3.141.59.jar:/Users/a.vukovic/.m2/repository/org/seleniumhq/selenium/selenium-chrome-driver/3.141.59/selenium-chrome-driver-3.141.59.jar:/Users/a.vukovic/.m2/repository/org/seleniumhq/selenium/selenium-edge-driver/3.141.59/selenium-edge-driver-3.141.59.jar:/Users/a.vukovic/.m2/repository/org/seleniumhq/selenium/selenium-firefox-driver/3.141.59/selenium-firefox-driver-3.141.59.jar:/Users/a.vukovic/.m2/repository/org/seleniumhq/selenium/selenium-ie-driver/3.141.59/selenium-ie-driver-3.141.59.jar:/Users/a.vukovic/.m2/repository/org/seleniumhq/selenium/selenium-opera-driver/3.141.59/selenium-opera-driver-3.141.59.jar:/Users/a.vukovic/.m2/repository/org/seleniumhq/selenium/selenium-remote-driver/3.141.59/selenium-remote-driver-3.141.59.jar:/Users/a.vukovic/.m2/repository/org/seleniumhq/selenium/selenium-safari-driver/3.141.59/selenium-safari-driver-3.141.59.jar:/Users/a.vukovic/.m2/repository/net/bytebuddy/byte-buddy/1.8.15/byte-buddy-1.8.15.jar:/Users/a.vukovic/.m2/repository/org/apache/commons/commons-exec/1.3/commons-exec-1.3.jar:/Users/a.vukovic/.m2/repository/com/google/guava/guava/25.0-jre/guava-25.0-jre.jar:/Users/a.vukovic/.m2/repository/com/google/code/findbugs/jsr305/1.3.9/jsr305-1.3.9.jar:/Users/a.vukovic/.m2/repository/org/checkerframework/checker-compat-qual/2.0.0/checker-compat-qual-2.0.0.jar:/Users/a.vukovic/.m2/repository/com/google/errorprone/error_prone_annotations/2.1.3/error_prone_annotations-2.1.3.jar:/Users/a.vukovic/.m2/repository/com/google/j2objc/j2objc-annotations/1.1/j2objc-annotations-1.1.jar:/Users/a.vukovic/.m2/repository/org/codehaus/mojo/animal-sniffer-annotations/1.14/animal-sniffer-annotations-1.14.jar:/Users/a.vukovic/.m2/repository/com/squareup/okhttp3/okhttp/3.11.0/okhttp-3.11.0.jar:/Users/a.vukovic/.m2/repository/com/squareup/okio/okio/1.14.0/okio-1.14.0.jar:/Users/a.vukovic/.m2/repository/org/seleniumhq/selenium/selenium-support/3.141.59/selenium-support-3.141.59.jar:/Users/a.vukovic/.m2/repository/org/seleniumhq/selenium/selenium-api/3.141.59/selenium-api-3.141.59.jar:/Users/a.vukovic/.m2/repository/com/google/code/gson/gson/2.8.8/gson-2.8.8.jar:/Users/a.vukovic/.m2/repository/org/apache/httpcomponents/httpclient/4.5.13/httpclient-4.5.13.jar:/Users/a.vukovic/.m2/repository/org/apache/httpcomponents/httpcore/4.4.13/httpcore-4.4.13.jar:/Users/a.vukovic/.m2/repository/commons-logging/commons-logging/1.2/commons-logging-1.2.jar:/Users/a.vukovic/.m2/repository/cglib/cglib/3.3.0/cglib-3.3.0.jar:/Users/a.vukovic/.m2/repository/org/ow2/asm/asm/7.1/asm-7.1.jar:/Users/a.vukovic/.m2/repository/commons-validator/commons-validator/1.7/commons-validator-1.7.jar:/Users/a.vukovic/.m2/repository/commons-beanutils/commons-beanutils/1.9.4/commons-beanutils-1.9.4.jar:/Users/a.vukovic/.m2/repository/commons-digester/commons-digester/2.1/commons-digester-2.1.jar:/Users/a.vukovic/.m2/repository/commons-collections/commons-collections/3.2.2/commons-collections-3.2.2.jar:/Users/a.vukovic/.m2/repository/org/apache/commons/commons-lang3/3.12.0/commons-lang3-3.12.0.jar:/Users/a.vukovic/.m2/repository/org/springframework/spring-context/5.3.10/spring-context-5.3.10.jar:/Users/a.vukovic/.m2/repository/org/springframework/spring-aop/5.3.10/spring-aop-5.3.10.jar:/Users/a.vukovic/.m2/repository/org/springframework/spring-beans/5.3.10/spring-beans-5.3.10.jar:/Users/a.vukovic/.m2/repository/org/springframework/spring-core/5.3.10/spring-core-5.3.10.jar:/Users/a.vukovic/.m2/repository/org/springframework/spring-jcl/5.3.10/spring-jcl-5.3.10.jar:/Users/a.vukovic/.m2/repository/org/springframework/spring-expression/5.3.10/spring-expression-5.3.10.jar:/Users/a.vukovic/.m2/repository/org/aspectj/aspectjweaver/1.9.7/aspectjweaver-1.9.7.jar:/Users/a.vukovic/.m2/repository/org/testng/testng/7.4.0/testng-7.4.0.jar:/Users/a.vukovic/.m2/repository/com/beust/jcommander/1.78/jcommander-1.78.jar:/Users/a.vukovic/.m2/repository/org/webjars/jquery/3.5.1/jquery-3.5.1.jar:/Users/a.vukovic/.m2/repository/org/slf4j/slf4j-api/1.7.36/slf4j-api-1.7.36.jar:/Users/a.vukovic/.m2/repository/commons-io/commons-io/2.6/commons-io-2.6.jar:/Users/a.vukovic/.m2/repository/org/slf4j/slf4j-simple/1.7.36/slf4j-simple-1.7.36.jar:/Users/a.vukovic/.m2/repository/org/apache/logging/log4j/log4j-core/2.13.3/log4j-core-2.13.3.jar:/Users/a.vukovic/.m2/repository/org/apache/logging/log4j/log4j-api/2.13.3/log4j-api-2.13.3.jar:/Users/a.vukovic/.m2/repository/ru/yandex/qatools/ashot/ashot/1.5.4/ashot-1.5.4.jar:/Users/a.vukovic/.m2/repository/org/hamcrest/hamcrest-core/1.3/hamcrest-core-1.3.jar:/Users/a.vukovic/.m2/repository/io/qameta/allure/allure-testng/2.13.9/allure-testng-2.13.9.jar:/Users/a.vukovic/.m2/repository/io/qameta/allure/allure-java-commons/2.13.9/allure-java-commons-2.13.9.jar:/Users/a.vukovic/.m2/repository/io/qameta/allure/allure-model/2.13.9/allure-model-2.13.9.jar:/Users/a.vukovic/.m2/repository/com/fasterxml/jackson/core/jackson-databind/2.12.2/jackson-databind-2.12.2.jar:/Users/a.vukovic/.m2/repository/com/fasterxml/jackson/core/jackson-annotations/2.12.2/jackson-annotations-2.12.2.jar:/Users/a.vukovic/.m2/repository/com/fasterxml/jackson/core/jackson-core/2.12.2/jackson-core-2.12.2.jar:/Users/a.vukovic/.m2/repository/org/apache/tika/tika-core/1.25/tika-core-1.25.jar:/Users/a.vukovic/.m2/repository/org/jooq/joor-java-8/0.9.13/joor-java-8-0.9.13.jar:/Users/a.vukovic/.m2/repository/io/qameta/allure/allure-test-filter/2.13.9/allure-test-filter-2.13.9.jar:/Users/a.vukovic/.m2/repository/com/aventstack/extentreports/5.0.8/extentreports-5.0.8.jar:/Users/a.vukovic/.m2/repository/io/reactivex/rxjava3/rxjava/3.0.4/rxjava-3.0.4.jar:/Users/a.vukovic/.m2/repository/org/reactivestreams/reactive-streams/1.0.3/reactive-streams-1.0.3.jar:/Users/a.vukovic/.m2/repository/org/freemarker/freemarker/2.3.30/freemarker-2.3.30.jar:/Users/a.vukovic/.m2/repository/org/projectlombok/lombok/1.18.22/lombok-1.18.22.jar:/Users/a.vukovic/.m2/repository/io/cucumber/cucumber-java/7.0.0/cucumber-java-7.0.0.jar:/Users/a.vukovic/.m2/repository/io/cucumber/cucumber-core/7.0.0/cucumber-core-7.0.0.jar:/Users/a.vukovic/.m2/repository/io/cucumber/cucumber-gherkin/7.0.0/cucumber-gherkin-7.0.0.jar:/Users/a.vukovic/.m2/repository/io/cucumber/cucumber-gherkin-messages/7.0.0/cucumber-gherkin-messages-7.0.0.jar:/Users/a.vukovic/.m2/repository/io/cucumber/messages/17.1.1/messages-17.1.1.jar:/Users/a.vukovic/.m2/repository/io/cucumber/tag-expressions/4.0.2/tag-expressions-4.0.2.jar:/Users/a.vukovic/.m2/repository/io/cucumber/cucumber-expressions/13.0.1/cucumber-expressions-13.0.1.jar:/Users/a.vukovic/.m2/repository/io/cucumber/datatable/7.0.0/datatable-7.0.0.jar:/Users/a.vukovic/.m2/repository/io/cucumber/cucumber-plugin/7.0.0/cucumber-plugin-7.0.0.jar:/Users/a.vukovic/.m2/repository/io/cucumber/docstring/7.0.0/docstring-7.0.0.jar:/Users/a.vukovic/.m2/repository/io/cucumber/html-formatter/17.0.0/html-formatter-17.0.0.jar:/Users/a.vukovic/.m2/repository/io/cucumber/create-meta/6.0.1/create-meta-6.0.1.jar:/Users/a.vukovic/.m2/repository/org/apiguardian/apiguardian-api/1.1.2/apiguardian-api-1.1.2.jar:/Users/a.vukovic/.m2/repository/io/cucumber/cucumber-junit/7.0.0/cucumber-junit-7.0.0.jar:/Users/a.vukovic/.m2/repository/junit/junit/4.13.2/junit-4.13.2.jar:/Users/a.vukovic/.m2/repository/org/json/json/20210307/json-20210307.jar:/Users/a.vukovic/.m2/repository/me/jvt/cucumber/reporting-plugin/7.0.0/reporting-plugin-7.0.0.jar:/Users/a.vukovic/.m2/repository/io/cucumber/gherkin/22.0.0/gherkin-22.0.0.jar:/Users/a.vukovic/.m2/repository/net/masterthought/cucumber-reporting/5.6.0/cucumber-reporting-5.6.0.jar:/Users/a.vukovic/.m2/repository/com/fasterxml/jackson/datatype/jackson-datatype-jsr310/2.12.1/jackson-datatype-jsr310-2.12.1.jar:/Users/a.vukovic/.m2/repository/org/apache/velocity/velocity-engine-core/2.3/velocity-engine-core-2.3.jar:/Users/a.vukovic/.m2/repository/joda-time/joda-time/2.10.10/joda-time-2.10.10.jar:/Users/a.vukovic/.m2/repository/org/codehaus/plexus/plexus-utils/3.3.0/plexus-utils-3.3.0.jar:/Users/a.vukovic/.m2/repository/org/jsoup/jsoup/1.14.2/jsoup-1.14.2.jar:/Users/a.vukovic/.m2/repository/com/googlecode/owasp-java-html-sanitizer/owasp-java-html-sanitizer/20200713.1/owasp-java-html-sanitizer-20200713.1.jar:/Users/a.vukovic/.m2/repository/commons-configuration/commons-configuration/1.10/commons-configuration-1.10.jar:/Users/a.vukovic/.m2/repository/commons-lang/commons-lang/2.6/commons-lang-2.6.jar:/Users/a.vukovic/.m2/repository/io/cucumber/cucumber-testng/7.0.0/cucumber-testng-7.0.0.jar:/Users/a.vukovic/.m2/repository/commons-codec/commons-codec/1.15/commons-codec-1.15.jar:"/>
    <property name="java.vm.vendor" value="Oracle Corporation"/>
    <property name="sun.arch.data.model" value="64"/>
    <property name="java.vendor.url" value="https://java.oracle.com/"/>
    <property name="os.name" value="Mac OS X"/>
    <property name="java.vm.specification.version" value="17"/>
    <property name="sun.java.launcher" value="SUN_STANDARD"/>
    <property name="user.country" value="BE"/>
    <property name="sun.boot.library.path" value="/Library/Java/JavaVirtualMachines/jdk-17.0.2.jdk/Contents/Home/lib"/>
    <property name="sun.java.command" value="/Users/a.vukovic/IdeaProjects/UIMobileAutomationFramework/target/surefire/surefirebooter744132186461373065.jar /Users/a.vukovic/IdeaProjects/UIMobileAutomationFramework/target/surefire 2022-03-12T20-40-51_895-jvmRun1 surefire70060482133588193tmp surefire_09359266296248960276tmp"/>
    <property name="jdk.debug" value="release"/>
    <property name="surefire.test.class.path" value="/Users/a.vukovic/IdeaProjects/UIMobileAutomationFramework/target/test-classes:/Users/a.vukovic/IdeaProjects/UIMobileAutomationFramework/target/classes:/Users/a.vukovic/.m2/repository/io/appium/java-client/7.6.0/java-client-7.6.0.jar:/Users/a.vukovic/.m2/repository/org/seleniumhq/selenium/selenium-java/3.141.59/selenium-java-3.141.59.jar:/Users/a.vukovic/.m2/repository/org/seleniumhq/selenium/selenium-chrome-driver/3.141.59/selenium-chrome-driver-3.141.59.jar:/Users/a.vukovic/.m2/repository/org/seleniumhq/selenium/selenium-edge-driver/3.141.59/selenium-edge-driver-3.141.59.jar:/Users/a.vukovic/.m2/repository/org/seleniumhq/selenium/selenium-firefox-driver/3.141.59/selenium-firefox-driver-3.141.59.jar:/Users/a.vukovic/.m2/repository/org/seleniumhq/selenium/selenium-ie-driver/3.141.59/selenium-ie-driver-3.141.59.jar:/Users/a.vukovic/.m2/repository/org/seleniumhq/selenium/selenium-opera-driver/3.141.59/selenium-opera-driver-3.141.59.jar:/Users/a.vukovic/.m2/repository/org/seleniumhq/selenium/selenium-remote-driver/3.141.59/selenium-remote-driver-3.141.59.jar:/Users/a.vukovic/.m2/repository/org/seleniumhq/selenium/selenium-safari-driver/3.141.59/selenium-safari-driver-3.141.59.jar:/Users/a.vukovic/.m2/repository/net/bytebuddy/byte-buddy/1.8.15/byte-buddy-1.8.15.jar:/Users/a.vukovic/.m2/repository/org/apache/commons/commons-exec/1.3/commons-exec-1.3.jar:/Users/a.vukovic/.m2/repository/com/google/guava/guava/25.0-jre/guava-25.0-jre.jar:/Users/a.vukovic/.m2/repository/com/google/code/findbugs/jsr305/1.3.9/jsr305-1.3.9.jar:/Users/a.vukovic/.m2/repository/org/checkerframework/checker-compat-qual/2.0.0/checker-compat-qual-2.0.0.jar:/Users/a.vukovic/.m2/repository/com/google/errorprone/error_prone_annotations/2.1.3/error_prone_annotations-2.1.3.jar:/Users/a.vukovic/.m2/repository/com/google/j2objc/j2objc-annotations/1.1/j2objc-annotations-1.1.jar:/Users/a.vukovic/.m2/repository/org/codehaus/mojo/animal-sniffer-annotations/1.14/animal-sniffer-annotations-1.14.jar:/Users/a.vukovic/.m2/repository/com/squareup/okhttp3/okhttp/3.11.0/okhttp-3.11.0.jar:/Users/a.vukovic/.m2/repository/com/squareup/okio/okio/1.14.0/okio-1.14.0.jar:/Users/a.vukovic/.m2/repository/org/seleniumhq/selenium/selenium-support/3.141.59/selenium-support-3.141.59.jar:/Users/a.vukovic/.m2/repository/org/seleniumhq/selenium/selenium-api/3.141.59/selenium-api-3.141.59.jar:/Users/a.vukovic/.m2/repository/com/google/code/gson/gson/2.8.8/gson-2.8.8.jar:/Users/a.vukovic/.m2/repository/org/apache/httpcomponents/httpclient/4.5.13/httpclient-4.5.13.jar:/Users/a.vukovic/.m2/repository/org/apache/httpcomponents/httpcore/4.4.13/httpcore-4.4.13.jar:/Users/a.vukovic/.m2/repository/commons-logging/commons-logging/1.2/commons-logging-1.2.jar:/Users/a.vukovic/.m2/repository/cglib/cglib/3.3.0/cglib-3.3.0.jar:/Users/a.vukovic/.m2/repository/org/ow2/asm/asm/7.1/asm-7.1.jar:/Users/a.vukovic/.m2/repository/commons-validator/commons-validator/1.7/commons-validator-1.7.jar:/Users/a.vukovic/.m2/repository/commons-beanutils/commons-beanutils/1.9.4/commons-beanutils-1.9.4.jar:/Users/a.vukovic/.m2/repository/commons-digester/commons-digester/2.1/commons-digester-2.1.jar:/Users/a.vukovic/.m2/repository/commons-collections/commons-collections/3.2.2/commons-collections-3.2.2.jar:/Users/a.vukovic/.m2/repository/org/apache/commons/commons-lang3/3.12.0/commons-lang3-3.12.0.jar:/Users/a.vukovic/.m2/repository/org/springframework/spring-context/5.3.10/spring-context-5.3.10.jar:/Users/a.vukovic/.m2/repository/org/springframework/spring-aop/5.3.10/spring-aop-5.3.10.jar:/Users/a.vukovic/.m2/repository/org/springframework/spring-beans/5.3.10/spring-beans-5.3.10.jar:/Users/a.vukovic/.m2/repository/org/springframework/spring-core/5.3.10/spring-core-5.3.10.jar:/Users/a.vukovic/.m2/repository/org/springframework/spring-jcl/5.3.10/spring-jcl-5.3.10.jar:/Users/a.vukovic/.m2/repository/org/springframework/spring-expression/5.3.10/spring-expression-5.3.10.jar:/Users/a.vukovic/.m2/repository/org/aspectj/aspectjweaver/1.9.7/aspectjweaver-1.9.7.jar:/Users/a.vukovic/.m2/repository/org/testng/testng/7.4.0/testng-7.4.0.jar:/Users/a.vukovic/.m2/repository/com/beust/jcommander/1.78/jcommander-1.78.jar:/Users/a.vukovic/.m2/repository/org/webjars/jquery/3.5.1/jquery-3.5.1.jar:/Users/a.vukovic/.m2/repository/org/slf4j/slf4j-api/1.7.36/slf4j-api-1.7.36.jar:/Users/a.vukovic/.m2/repository/commons-io/commons-io/2.6/commons-io-2.6.jar:/Users/a.vukovic/.m2/repository/org/slf4j/slf4j-simple/1.7.36/slf4j-simple-1.7.36.jar:/Users/a.vukovic/.m2/repository/org/apache/logging/log4j/log4j-core/2.13.3/log4j-core-2.13.3.jar:/Users/a.vukovic/.m2/repository/org/apache/logging/log4j/log4j-api/2.13.3/log4j-api-2.13.3.jar:/Users/a.vukovic/.m2/repository/ru/yandex/qatools/ashot/ashot/1.5.4/ashot-1.5.4.jar:/Users/a.vukovic/.m2/repository/org/hamcrest/hamcrest-core/1.3/hamcrest-core-1.3.jar:/Users/a.vukovic/.m2/repository/io/qameta/allure/allure-testng/2.13.9/allure-testng-2.13.9.jar:/Users/a.vukovic/.m2/repository/io/qameta/allure/allure-java-commons/2.13.9/allure-java-commons-2.13.9.jar:/Users/a.vukovic/.m2/repository/io/qameta/allure/allure-model/2.13.9/allure-model-2.13.9.jar:/Users/a.vukovic/.m2/repository/com/fasterxml/jackson/core/jackson-databind/2.12.2/jackson-databind-2.12.2.jar:/Users/a.vukovic/.m2/repository/com/fasterxml/jackson/core/jackson-annotations/2.12.2/jackson-annotations-2.12.2.jar:/Users/a.vukovic/.m2/repository/com/fasterxml/jackson/core/jackson-core/2.12.2/jackson-core-2.12.2.jar:/Users/a.vukovic/.m2/repository/org/apache/tika/tika-core/1.25/tika-core-1.25.jar:/Users/a.vukovic/.m2/repository/org/jooq/joor-java-8/0.9.13/joor-java-8-0.9.13.jar:/Users/a.vukovic/.m2/repository/io/qameta/allure/allure-test-filter/2.13.9/allure-test-filter-2.13.9.jar:/Users/a.vukovic/.m2/repository/com/aventstack/extentreports/5.0.8/extentreports-5.0.8.jar:/Users/a.vukovic/.m2/repository/io/reactivex/rxjava3/rxjava/3.0.4/rxjava-3.0.4.jar:/Users/a.vukovic/.m2/repository/org/reactivestreams/reactive-streams/1.0.3/reactive-streams-1.0.3.jar:/Users/a.vukovic/.m2/repository/org/freemarker/freemarker/2.3.30/freemarker-2.3.30.jar:/Users/a.vukovic/.m2/repository/org/projectlombok/lombok/1.18.22/lombok-1.18.22.jar:/Users/a.vukovic/.m2/repository/io/cucumber/cucumber-java/7.0.0/cucumber-java-7.0.0.jar:/Users/a.vukovic/.m2/repository/io/cucumber/cucumber-core/7.0.0/cucumber-core-7.0.0.jar:/Users/a.vukovic/.m2/repository/io/cucumber/cucumber-gherkin/7.0.0/cucumber-gherkin-7.0.0.jar:/Users/a.vukovic/.m2/repository/io/cucumber/cucumber-gherkin-messages/7.0.0/cucumber-gherkin-messages-7.0.0.jar:/Users/a.vukovic/.m2/repository/io/cucumber/messages/17.1.1/messages-17.1.1.jar:/Users/a.vukovic/.m2/repository/io/cucumber/tag-expressions/4.0.2/tag-expressions-4.0.2.jar:/Users/a.vukovic/.m2/repository/io/cucumber/cucumber-expressions/13.0.1/cucumber-expressions-13.0.1.jar:/Users/a.vukovic/.m2/repository/io/cucumber/datatable/7.0.0/datatable-7.0.0.jar:/Users/a.vukovic/.m2/repository/io/cucumber/cucumber-plugin/7.0.0/cucumber-plugin-7.0.0.jar:/Users/a.vukovic/.m2/repository/io/cucumber/docstring/7.0.0/docstring-7.0.0.jar:/Users/a.vukovic/.m2/repository/io/cucumber/html-formatter/17.0.0/html-formatter-17.0.0.jar:/Users/a.vukovic/.m2/repository/io/cucumber/create-meta/6.0.1/create-meta-6.0.1.jar:/Users/a.vukovic/.m2/repository/org/apiguardian/apiguardian-api/1.1.2/apiguardian-api-1.1.2.jar:/Users/a.vukovic/.m2/repository/io/cucumber/cucumber-junit/7.0.0/cucumber-junit-7.0.0.jar:/Users/a.vukovic/.m2/repository/junit/junit/4.13.2/junit-4.13.2.jar:/Users/a.vukovic/.m2/repository/org/json/json/20210307/json-20210307.jar:/Users/a.vukovic/.m2/repository/me/jvt/cucumber/reporting-plugin/7.0.0/reporting-plugin-7.0.0.jar:/Users/a.vukovic/.m2/repository/io/cucumber/gherkin/22.0.0/gherkin-22.0.0.jar:/Users/a.vukovic/.m2/repository/net/masterthought/cucumber-reporting/5.6.0/cucumber-reporting-5.6.0.jar:/Users/a.vukovic/.m2/repository/com/fasterxml/jackson/datatype/jackson-datatype-jsr310/2.12.1/jackson-datatype-jsr310-2.12.1.jar:/Users/a.vukovic/.m2/repository/org/apache/velocity/velocity-engine-core/2.3/velocity-engine-core-2.3.jar:/Users/a.vukovic/.m2/repository/joda-time/joda-time/2.10.10/joda-time-2.10.10.jar:/Users/a.vukovic/.m2/repository/org/codehaus/plexus/plexus-utils/3.3.0/plexus-utils-3.3.0.jar:/Users/a.vukovic/.m2/repository/org/jsoup/jsoup/1.14.2/jsoup-1.14.2.jar:/Users/a.vukovic/.m2/repository/com/googlecode/owasp-java-html-sanitizer/owasp-java-html-sanitizer/20200713.1/owasp-java-html-sanitizer-20200713.1.jar:/Users/a.vukovic/.m2/repository/commons-configuration/commons-configuration/1.10/commons-configuration-1.10.jar:/Users/a.vukovic/.m2/repository/commons-lang/commons-lang/2.6/commons-lang-2.6.jar:/Users/a.vukovic/.m2/repository/io/cucumber/cucumber-testng/7.0.0/cucumber-testng-7.0.0.jar:/Users/a.vukovic/.m2/repository/commons-codec/commons-codec/1.15/commons-codec-1.15.jar:"/>
    <property name="sun.cpu.endian" value="little"/>
    <property name="user.home" value="/Users/a.vukovic"/>
    <property name="user.language" value="en"/>
    <property name="java.specification.vendor" value="Oracle Corporation"/>
    <property name="java.version.date" value="2022-01-18"/>
    <property name="java.home" value="/Library/Java/JavaVirtualMachines/jdk-17.0.2.jdk/Contents/Home"/>
    <property name="file.separator" value="/"/>
    <property name="basedir" value="/Users/a.vukovic/IdeaProjects/UIMobileAutomationFramework"/>
    <property name="java.vm.compressedOopsMode" value="Zero based"/>
    <property name="line.separator" value="&#10;"/>
    <property name="java.vm.specification.vendor" value="Oracle Corporation"/>
    <property name="java.specification.name" value="Java Platform API Specification"/>
    <property name="surefire.real.class.path" value="/Users/a.vukovic/IdeaProjects/UIMobileAutomationFramework/target/surefire/surefirebooter744132186461373065.jar"/>
    <property name="sun.management.compiler" value="HotSpot 64-Bit Tiered Compilers"/>
    <property name="java.runtime.version" value="17.0.2+8-LTS-86"/>
    <property name="user.name" value="a.vukovic"/>
    <property name="path.separator" value=":"/>
    <property name="os.version" value="12.2.1"/>
    <property name="java.runtime.name" value="Java(TM) SE Runtime Environment"/>
    <property name="file.encoding" value="US-ASCII"/>
    <property name="java.vm.name" value="Java HotSpot(TM) 64-Bit Server VM"/>
    <property name="localRepository" value="/Users/a.vukovic/.m2/repository"/>
    <property name="java.vendor.url.bug" value="https://bugreport.java.com/bugreport/"/>
    <property name="java.io.tmpdir" value="/var/folders/82/p05kgj3d6sq6n5fdxb5_hg_r0000gp/T/"/>
    <property name="idea.version" value="2021.3.2"/>
    <property name="java.version" value="17.0.2"/>
    <property name="user.dir" value="/Users/a.vukovic/IdeaProjects/UIMobileAutomationFramework"/>
    <property name="os.arch" value="aarch64"/>
    <property name="java.vm.specification.name" value="Java Virtual Machine Specification"/>
    <property name="native.encoding" value="US-ASCII"/>
    <property name="java.library.path" value="/Users/a.vukovic/Library/Java/Extensions:/Library/Java/Extensions:/Network/Library/Java/Extensions:/System/Library/Java/Extensions:/usr/lib/java:."/>
    <property name="java.vm.info" value="mixed mode, sharing"/>
    <property name="java.vendor" value="Oracle Corporation"/>
    <property name="java.vm.version" value="17.0.2+8-LTS-86"/>
    <property name="sun.io.unicode.encoding" value="UnicodeBig"/>
    <property name="java.class.version" value="61.0"/>
  </properties>
</testsuite>